Using pre-set license
Built from '2021.3/staging' branch; Version is '2021.3.10f1 (1c7d0df0160b) revision 1867021'; Using compiler version '192829333'; Build Type 'Release'
OS: 'Windows 11  (10.0.22621) 64bit CoreSingleLanguage' Language: 'en' Physical Memory: 7893 MB
BatchMode: 1, IsHumanControllingUs: 0, StartBugReporterOnCrash: 0, Is64bit: 1, IsPro: 1

COMMAND LINE ARGUMENTS:
C:\Program Files\Unity\Hub\Editor\2021.3.10f1\Editor\Unity.exe
-adb2
-batchMode
-noUpm
-name
AssetImportWorker4
-projectPath
E:/AI Scripts
-logFile
Logs/AssetImportWorker4.log
-srvPort
58351
Successfully changed project path to: E:/AI Scripts
E:/AI Scripts
[UnityMemory] Configuration Parameters - Can be set up in boot.config
    "memorysetup-bucket-allocator-granularity=16"
    "memorysetup-bucket-allocator-bucket-count=8"
    "memorysetup-bucket-allocator-block-size=33554432"
    "memorysetup-bucket-allocator-block-count=8"
    "memorysetup-main-allocator-block-size=16777216"
    "memorysetup-thread-allocator-block-size=16777216"
    "memorysetup-gfx-main-allocator-block-size=16777216"
    "memorysetup-gfx-thread-allocator-block-size=16777216"
    "memorysetup-cache-allocator-block-size=4194304"
    "memorysetup-typetree-allocator-block-size=2097152"
    "memorysetup-profiler-bucket-allocator-granularity=16"
    "memorysetup-profiler-bucket-allocator-bucket-count=8"
    "memorysetup-profiler-bucket-allocator-block-size=33554432"
    "memorysetup-profiler-bucket-allocator-block-count=8"
    "memorysetup-profiler-allocator-block-size=16777216"
    "memorysetup-profiler-editor-allocator-block-size=1048576"
    "memorysetup-temp-allocator-size-main=16777216"
    "memorysetup-job-temp-allocator-block-size=2097152"
    "memorysetup-job-temp-allocator-block-size-background=1048576"
    "memorysetup-job-temp-allocator-reduction-small-platforms=262144"
    "memorysetup-temp-allocator-size-background-worker=32768"
    "memorysetup-temp-allocator-size-job-worker=262144"
    "memorysetup-temp-allocator-size-preload-manager=33554432"
    "memorysetup-temp-allocator-size-nav-mesh-worker=65536"
    "memorysetup-temp-allocator-size-audio-worker=65536"
    "memorysetup-temp-allocator-size-cloud-worker=32768"
    "memorysetup-temp-allocator-size-gi-baking-worker=262144"
    "memorysetup-temp-allocator-size-gfx=262144"
Refreshing native plugins compatible for Editor in 84.91 ms, found 3 plugins.
Preloading 0 native plugins for Editor in 0.00 ms.
Initialize engine version: 2021.3.10f1 (1c7d0df0160b)
[Subsystems] Discovering subsystems at path C:/Program Files/Unity/Hub/Editor/2021.3.10f1/Editor/Data/Resources/UnitySubsystems
[Subsystems] Discovering subsystems at path E:/AI Scripts/Assets
GfxDevice: creating device client; threaded=0; jobified=0
Direct3D:
    Version:  Direct3D 11.0 [level 11.1]
    Renderer: NVIDIA GeForce RTX 3050 Ti Laptop GPU (ID=0x25a0)
    Vendor:   NVIDIA
    VRAM:     3993 MB
    Driver:   30.0.15.1165
Initialize mono
Mono path[0] = 'C:/Program Files/Unity/Hub/Editor/2021.3.10f1/Editor/Data/Managed'
Mono path[1] = 'C:/Program Files/Unity/Hub/Editor/2021.3.10f1/Editor/Data/MonoBleedingEdge/lib/mono/unityjit-win32'
Mono config path = 'C:/Program Files/Unity/Hub/Editor/2021.3.10f1/Editor/Data/MonoBleedingEdge/etc'
Using monoOptions --debugger-agent=transport=dt_socket,embedding=1,server=y,suspend=n,address=127.0.0.1:56584
Begin MonoManager ReloadAssembly
Registering precompiled unity dll's ...
Register platform support module: C:/Program Files/Unity/Hub/Editor/2021.3.10f1/Editor/Data/PlaybackEngines/WindowsStandaloneSupport/UnityEditor.WindowsStandalone.Extensions.dll
Registered in 0.007954 seconds.
Native extension for WindowsStandalone target not found
Refreshing native plugins compatible for Editor in 64.34 ms, found 3 plugins.
Preloading 0 native plugins for Editor in 0.00 ms.
Mono: successfully reloaded assembly
- Completed reload, in  0.522 seconds
Domain Reload Profiling:
	ReloadAssembly (523ms)
		BeginReloadAssembly (75ms)
			ExecutionOrderSort (0ms)
			DisableScriptedObjects (0ms)
			BackupInstance (0ms)
			ReleaseScriptingObjects (0ms)
			CreateAndSetChildDomain (1ms)
		EndReloadAssembly (348ms)
			LoadAssemblies (73ms)
			RebuildTransferFunctionScriptingTraits (0ms)
			SetupTypeCache (83ms)
			ReleaseScriptCaches (0ms)
			RebuildScriptCaches (22ms)
			SetupLoadedEditorAssemblies (204ms)
				LogAssemblyErrors (0ms)
				InitializePlatformSupportModulesInManaged (6ms)
				SetLoadedEditorAssemblies (0ms)
				RefreshPlugins (64ms)
				BeforeProcessingInitializeOnLoad (1ms)
				ProcessInitializeOnLoadAttributes (96ms)
				ProcessInitializeOnLoadMethodAttributes (36ms)
				AfterProcessingInitializeOnLoad (0ms)
				EditorAssembliesLoaded (0ms)
			ExecutionOrderSort2 (0ms)
			AwakeInstancesAfterBackupRestoration (0ms)
Platform modules already initialized, skipping
Registering precompiled user dll's ...
Registered in 0.002620 seconds.
Begin MonoManager ReloadAssembly
Symbol file LoadedFromMemory doesn't match image E:\AI Scripts\Library\PackageCache\com.unity.visualscripting@1.7.8\Editor\VisualScripting.Core\Dependencies\YamlDotNet\Unity.VisualScripting.YamlDotNet.dll
Symbol file LoadedFromMemory doesn't match image E:\AI Scripts\Library\PackageCache\com.unity.visualscripting@1.7.8\Editor\VisualScripting.Core\Dependencies\DotNetZip\Unity.VisualScripting.IonicZip.dll
Native extension for WindowsStandalone target not found
Refreshing native plugins compatible for Editor in 0.53 ms, found 3 plugins.
Preloading 0 native plugins for Editor in 0.00 ms.
Mono: successfully reloaded assembly
- Completed reload, in  0.857 seconds
Domain Reload Profiling:
	ReloadAssembly (858ms)
		BeginReloadAssembly (91ms)
			ExecutionOrderSort (0ms)
			DisableScriptedObjects (4ms)
			BackupInstance (0ms)
			ReleaseScriptingObjects (0ms)
			CreateAndSetChildDomain (16ms)
		EndReloadAssembly (670ms)
			LoadAssemblies (110ms)
			RebuildTransferFunctionScriptingTraits (0ms)
			SetupTypeCache (213ms)
			ReleaseScriptCaches (1ms)
			RebuildScriptCaches (41ms)
			SetupLoadedEditorAssemblies (275ms)
				LogAssemblyErrors (0ms)
				InitializePlatformSupportModulesInManaged (4ms)
				SetLoadedEditorAssemblies (0ms)
				RefreshPlugins (1ms)
				BeforeProcessingInitializeOnLoad (63ms)
				ProcessInitializeOnLoadAttributes (176ms)
				ProcessInitializeOnLoadMethodAttributes (26ms)
				AfterProcessingInitializeOnLoad (4ms)
				EditorAssembliesLoaded (0ms)
			ExecutionOrderSort2 (0ms)
			AwakeInstancesAfterBackupRestoration (5ms)
Platform modules already initialized, skipping
========================================================================
Worker process is ready to serve import requests
Launched and connected shader compiler UnityShaderCompiler.exe after 0.05 seconds
Refreshing native plugins compatible for Editor in 0.79 ms, found 3 plugins.
Preloading 0 native plugins for Editor in 0.00 ms.
Unloading 3392 Unused Serialized files (Serialized files now loaded: 0)
Unloading 27 unused Assets / (113.4 KB). Loaded Objects now: 3850.
Memory consumption went from 116.8 MB to 116.7 MB.
Total: 3.365200 ms (FindLiveObjects: 0.302200 ms CreateObjectMapping: 0.160200 ms MarkObjects: 2.739600 ms  DeleteObjects: 0.161400 ms)

AssetImportParameters requested are different than current active one (requested -> active):
  custom:video-decoder-ogg-theora: a1e56fd34408186e4bbccfd4996cb3dc -> 
  custom:container-muxer-webm: aa71ff27fc2769a1b78a27578f13a17b -> 
  custom:container-demuxer-webm: 4f35f7cbe854078d1ac9338744f61a02 -> 
  custom:video-encoder-webm-vp8: eb34c28f22e8b96e1ab97ce403110664 -> 
  custom:audio-encoder-webm-vorbis: bf7c407c2cedff20999df2af8eb42d56 -> 
  custom:framework-win-MediaFoundation: 216162199b28c13a410421893ffa2e32 -> 
  custom:container-demuxer-ogg: 62fdf1f143b41e24485cea50d1cbac27 -> 
  custom:video-decoder-webm-vp8: 9c59270c3fd7afecdb556c50c9e8de78 -> 
  custom:audio-decoder-ogg-vorbis: bf7c407c2cedff20999df2af8eb42d56 -> 
========================================================================
Received Import Request.
  Time since last request: 1811885.819736 seconds.
  path: Assets/3b8d8784eac744218b661507350d33d9_obj/model.mtl
  artifactKey: Guid(3751529e3a1f7594b8eea92e4ea2c911) Importer(815301076,1909f56bfc062723c751e8b465ee728b)
Start importing Assets/3b8d8784eac744218b661507350d33d9_obj/model.mtl using Guid(3751529e3a1f7594b8eea92e4ea2c911) Importer(815301076,1909f56bfc062723c751e8b465ee728b)  -> (artifact id: '4f4679938fd4e7d049f264e29cfd0835') in 0.036813 seconds 
========================================================================
Received Import Request.
  Time since last request: 26.961826 seconds.
  path: Assets/3b8d8784eac744218b661507350d33d9_obj/Materials
  artifactKey: Guid(a255a29abed046d41b5cc466ac05de52) Importer(815301076,1909f56bfc062723c751e8b465ee728b)
Start importing Assets/3b8d8784eac744218b661507350d33d9_obj/Materials using Guid(a255a29abed046d41b5cc466ac05de52) Importer(815301076,1909f56bfc062723c751e8b465ee728b)  -> (artifact id: 'e445ffe9fc30f17e1d1a7706847ba76c') in 0.014187 seconds 
========================================================================
Received Import Request.
  Time since last request: 0.090401 seconds.
  path: Assets/3b8d8784eac744218b661507350d33d9_obj/Materials/model.mat
  artifactKey: Guid(59430f4978a30974e98fe77933f9b7d6) Importer(815301076,1909f56bfc062723c751e8b465ee728b)
Start importing Assets/3b8d8784eac744218b661507350d33d9_obj/Materials/model.mat using Guid(59430f4978a30974e98fe77933f9b7d6) Importer(815301076,1909f56bfc062723c751e8b465ee728b)  -> (artifact id: '1fee13512f82b7a85014334e0c85d978') in 0.086273 seconds 
========================================================================
Received Import Request.
  Time since last request: 58998.141418 seconds.
  path: Assets/3b8d8784eac744218b661507350d33d9_fbx/3b8d8784eac744218b661507350d33d9.fbx
  artifactKey: Guid(5b483dc05d4fc6e4eae5e117f8ce0e0e) Importer(815301076,1909f56bfc062723c751e8b465ee728b)
Start importing Assets/3b8d8784eac744218b661507350d33d9_fbx/3b8d8784eac744218b661507350d33d9.fbx using Guid(5b483dc05d4fc6e4eae5e117f8ce0e0e) Importer(815301076,1909f56bfc062723c751e8b465ee728b)  -> (artifact id: '880bcb6369fdce2f3cc8a6400c7c4c16') in 1.429891 seconds 
========================================================================
Received Import Request.
  Time since last request: 0.001044 seconds.
  path: Assets/3b8d8784eac744218b661507350d33d9_fbx/RGB_be703bd6d31846cd8572f1920cae3608_Hammerbond03_black_BaseColor.png
  artifactKey: Guid(e90c1ba5f0ad4b2468f50a2b9410c696) Importer(815301076,1909f56bfc062723c751e8b465ee728b)
Start importing Assets/3b8d8784eac744218b661507350d33d9_fbx/RGB_be703bd6d31846cd8572f1920cae3608_Hammerbond03_black_BaseColor.png using Guid(e90c1ba5f0ad4b2468f50a2b9410c696) Importer(815301076,1909f56bfc062723c751e8b465ee728b)  -> (artifact id: '88613ae44fa2c52f05cb5fd4aaf17f23') in 0.145430 seconds 
========================================================================
Received Import Request.
  Time since last request: 0.000052 seconds.
  path: Assets/3b8d8784eac744218b661507350d33d9_fbx/R_06fce832737a4b51bedd80c3ebd05d50_Hammerbond03_black_Roughness.png
  artifactKey: Guid(19da612328b7ae74b93f194cffaea1e7) Importer(815301076,1909f56bfc062723c751e8b465ee728b)
Start importing Assets/3b8d8784eac744218b661507350d33d9_fbx/R_06fce832737a4b51bedd80c3ebd05d50_Hammerbond03_black_Roughness.png using Guid(19da612328b7ae74b93f194cffaea1e7) Importer(815301076,1909f56bfc062723c751e8b465ee728b)  -> (artifact id: 'f194d2fafe9b839a60bb087f0f176e8d') in 0.027198 seconds 
========================================================================
Received Import Request.
  Time since last request: 0.000070 seconds.
  path: Assets/3b8d8784eac744218b661507350d33d9_fbx/N_bc56227db5f24ed4a93bb50b1f85713d_Hammerbond03_black_Normal.png
  artifactKey: Guid(2f41383b1a3492644b0992489850b788) Importer(815301076,1909f56bfc062723c751e8b465ee728b)
Start importing Assets/3b8d8784eac744218b661507350d33d9_fbx/N_bc56227db5f24ed4a93bb50b1f85713d_Hammerbond03_black_Normal.png using Guid(2f41383b1a3492644b0992489850b788) Importer(815301076,1909f56bfc062723c751e8b465ee728b)  -> (artifact id: '53dc28ca1a5a1a06ef5abb2d394d40f0') in 0.025607 seconds 
========================================================================
Received Import Request.
  Time since last request: 0.000035 seconds.
  path: Assets/3b8d8784eac744218b661507350d33d9_fbx/R_e5adde5aa72e442091fcb33ae40dba3a_Hammerbond03_Pink_Height.png
  artifactKey: Guid(42bf377026c7ed147967cfa5005cb8b4) Importer(815301076,1909f56bfc062723c751e8b465ee728b)
Start importing Assets/3b8d8784eac744218b661507350d33d9_fbx/R_e5adde5aa72e442091fcb33ae40dba3a_Hammerbond03_Pink_Height.png using Guid(42bf377026c7ed147967cfa5005cb8b4) Importer(815301076,1909f56bfc062723c751e8b465ee728b)  -> (artifact id: '717b3d6229519b511b5aa2763f1a4e38') in 0.023721 seconds 
========================================================================
Received Import Request.
  Time since last request: 0.000046 seconds.
  path: Assets/3b8d8784eac744218b661507350d33d9_fbx/RGB_77c3f9d3c1184c05a99a9a3c98c286e5_Hammerbond03_black_Metallic.png
  artifactKey: Guid(0a33024681973d542be38ddbca4575da) Importer(815301076,1909f56bfc062723c751e8b465ee728b)
Start importing Assets/3b8d8784eac744218b661507350d33d9_fbx/RGB_77c3f9d3c1184c05a99a9a3c98c286e5_Hammerbond03_black_Metallic.png using Guid(0a33024681973d542be38ddbca4575da) Importer(815301076,1909f56bfc062723c751e8b465ee728b)  -> (artifact id: '3c6aafdc4e48989c34985229162f8a67') in 0.024558 seconds 
========================================================================
Received Import Request.
  Time since last request: 0.000041 seconds.
  path: Assets/3b8d8784eac744218b661507350d33d9_fbx/N_8a839841bc30472ba35be69be06054f3_Hammerbond03_Pink_Normal.png
  artifactKey: Guid(dfbbc96d1534acf48ba9aa37f5d9fba5) Importer(815301076,1909f56bfc062723c751e8b465ee728b)
Start importing Assets/3b8d8784eac744218b661507350d33d9_fbx/N_8a839841bc30472ba35be69be06054f3_Hammerbond03_Pink_Normal.png using Guid(dfbbc96d1534acf48ba9aa37f5d9fba5) Importer(815301076,1909f56bfc062723c751e8b465ee728b)  -> (artifact id: '3128d002a8552bf585b33a28ae959d5e') in 0.021250 seconds 
========================================================================
Received Import Request.
  Time since last request: 0.000033 seconds.
  path: Assets/3b8d8784eac744218b661507350d33d9_fbx/RGB_2f39563af56647c1a89fec608bdd7360_Hammerbond03_Pink_BaseColor.png
  artifactKey: Guid(d0529ba10a5122e49b38737e5fce2360) Importer(815301076,1909f56bfc062723c751e8b465ee728b)
Start importing Assets/3b8d8784eac744218b661507350d33d9_fbx/RGB_2f39563af56647c1a89fec608bdd7360_Hammerbond03_Pink_BaseColor.png using Guid(d0529ba10a5122e49b38737e5fce2360) Importer(815301076,1909f56bfc062723c751e8b465ee728b)  -> (artifact id: '4e5d0f8bef181ecb1594339fb2515197') in 0.035727 seconds 
========================================================================
Received Import Request.
  Time since last request: 0.000054 seconds.
  path: Assets/3b8d8784eac744218b661507350d33d9_fbx/RGB_7ee4b34cc1694c8e8e19a1f1f9a073a9_Hammerbond03_Pink_Roughness.png
  artifactKey: Guid(3a0d510d46fc7b24fa0964960a96a6a4) Importer(815301076,1909f56bfc062723c751e8b465ee728b)
Start importing Assets/3b8d8784eac744218b661507350d33d9_fbx/RGB_7ee4b34cc1694c8e8e19a1f1f9a073a9_Hammerbond03_Pink_Roughness.png using Guid(3a0d510d46fc7b24fa0964960a96a6a4) Importer(815301076,1909f56bfc062723c751e8b465ee728b)  -> (artifact id: '8d4990c15371b17eea8654ab24b63c38') in 0.025832 seconds 
Editor requested this worker to shutdown with reason: Scaling down because of idle timeout
AssetImportWorker is now disconnected from the server
Process exiting
Exiting without the bug reporter. Application will terminate with return code 0