Using pre-set license
Built from '2021.3/staging' branch; Version is '2021.3.10f1 (1c7d0df0160b) revision 1867021'; Using compiler version '192829333'; Build Type 'Release'
OS: 'Windows 11  (10.0.22621) 64bit CoreSingleLanguage' Language: 'en' Physical Memory: 7893 MB
BatchMode: 1, IsHumanControllingUs: 0, StartBugReporterOnCrash: 0, Is64bit: 1, IsPro: 1

COMMAND LINE ARGUMENTS:
C:\Program Files\Unity\Hub\Editor\2021.3.10f1\Editor\Unity.exe
-adb2
-batchMode
-noUpm
-name
AssetImportWorker8
-projectPath
E:/AI Scripts
-logFile
Logs/AssetImportWorker8.log
-srvPort
58351
Successfully changed project path to: E:/AI Scripts
E:/AI Scripts
[UnityMemory] Configuration Parameters - Can be set up in boot.config
    "memorysetup-bucket-allocator-granularity=16"
    "memorysetup-bucket-allocator-bucket-count=8"
    "memorysetup-bucket-allocator-block-size=33554432"
    "memorysetup-bucket-allocator-block-count=8"
    "memorysetup-main-allocator-block-size=16777216"
    "memorysetup-thread-allocator-block-size=16777216"
    "memorysetup-gfx-main-allocator-block-size=16777216"
    "memorysetup-gfx-thread-allocator-block-size=16777216"
    "memorysetup-cache-allocator-block-size=4194304"
    "memorysetup-typetree-allocator-block-size=2097152"
    "memorysetup-profiler-bucket-allocator-granularity=16"
    "memorysetup-profiler-bucket-allocator-bucket-count=8"
    "memorysetup-profiler-bucket-allocator-block-size=33554432"
    "memorysetup-profiler-bucket-allocator-block-count=8"
    "memorysetup-profiler-allocator-block-size=16777216"
    "memorysetup-profiler-editor-allocator-block-size=1048576"
    "memorysetup-temp-allocator-size-main=16777216"
    "memorysetup-job-temp-allocator-block-size=2097152"
    "memorysetup-job-temp-allocator-block-size-background=1048576"
    "memorysetup-job-temp-allocator-reduction-small-platforms=262144"
    "memorysetup-temp-allocator-size-background-worker=32768"
    "memorysetup-temp-allocator-size-job-worker=262144"
    "memorysetup-temp-allocator-size-preload-manager=33554432"
    "memorysetup-temp-allocator-size-nav-mesh-worker=65536"
    "memorysetup-temp-allocator-size-audio-worker=65536"
    "memorysetup-temp-allocator-size-cloud-worker=32768"
    "memorysetup-temp-allocator-size-gi-baking-worker=262144"
    "memorysetup-temp-allocator-size-gfx=262144"
Refreshing native plugins compatible for Editor in 180.04 ms, found 3 plugins.
Preloading 0 native plugins for Editor in 0.00 ms.
Initialize engine version: 2021.3.10f1 (1c7d0df0160b)
[Subsystems] Discovering subsystems at path C:/Program Files/Unity/Hub/Editor/2021.3.10f1/Editor/Data/Resources/UnitySubsystems
[Subsystems] Discovering subsystems at path E:/AI Scripts/Assets
GfxDevice: creating device client; threaded=0; jobified=0
Direct3D:
    Version:  Direct3D 11.0 [level 11.1]
    Renderer: NVIDIA GeForce RTX 3050 Ti Laptop GPU (ID=0x25a0)
    Vendor:   NVIDIA
    VRAM:     3993 MB
    Driver:   30.0.15.1165
Initialize mono
Mono path[0] = 'C:/Program Files/Unity/Hub/Editor/2021.3.10f1/Editor/Data/Managed'
Mono path[1] = 'C:/Program Files/Unity/Hub/Editor/2021.3.10f1/Editor/Data/MonoBleedingEdge/lib/mono/unityjit-win32'
Mono config path = 'C:/Program Files/Unity/Hub/Editor/2021.3.10f1/Editor/Data/MonoBleedingEdge/etc'
Using monoOptions --debugger-agent=transport=dt_socket,embedding=1,server=y,suspend=n,address=127.0.0.1:56076
Begin MonoManager ReloadAssembly
Registering precompiled unity dll's ...
Register platform support module: C:/Program Files/Unity/Hub/Editor/2021.3.10f1/Editor/Data/PlaybackEngines/WindowsStandaloneSupport/UnityEditor.WindowsStandalone.Extensions.dll
Registered in 0.006098 seconds.
Native extension for WindowsStandalone target not found
Refreshing native plugins compatible for Editor in 94.84 ms, found 3 plugins.
Preloading 0 native plugins for Editor in 0.00 ms.
Mono: successfully reloaded assembly
- Completed reload, in  0.871 seconds
Domain Reload Profiling:
	ReloadAssembly (871ms)
		BeginReloadAssembly (193ms)
			ExecutionOrderSort (0ms)
			DisableScriptedObjects (0ms)
			BackupInstance (0ms)
			ReleaseScriptingObjects (0ms)
			CreateAndSetChildDomain (2ms)
		EndReloadAssembly (534ms)
			LoadAssemblies (186ms)
			RebuildTransferFunctionScriptingTraits (0ms)
			SetupTypeCache (110ms)
			ReleaseScriptCaches (0ms)
			RebuildScriptCaches (31ms)
			SetupLoadedEditorAssemblies (333ms)
				LogAssemblyErrors (0ms)
				InitializePlatformSupportModulesInManaged (7ms)
				SetLoadedEditorAssemblies (0ms)
				RefreshPlugins (95ms)
				BeforeProcessingInitializeOnLoad (1ms)
				ProcessInitializeOnLoadAttributes (183ms)
				ProcessInitializeOnLoadMethodAttributes (47ms)
				AfterProcessingInitializeOnLoad (0ms)
				EditorAssembliesLoaded (0ms)
			ExecutionOrderSort2 (0ms)
			AwakeInstancesAfterBackupRestoration (0ms)
Platform modules already initialized, skipping
Registering precompiled user dll's ...
Registered in 0.003182 seconds.
Begin MonoManager ReloadAssembly
Symbol file LoadedFromMemory doesn't match image E:\AI Scripts\Library\PackageCache\com.unity.visualscripting@1.7.8\Editor\VisualScripting.Core\Dependencies\YamlDotNet\Unity.VisualScripting.YamlDotNet.dll
Symbol file LoadedFromMemory doesn't match image E:\AI Scripts\Library\PackageCache\com.unity.visualscripting@1.7.8\Editor\VisualScripting.Core\Dependencies\DotNetZip\Unity.VisualScripting.IonicZip.dll
Native extension for WindowsStandalone target not found
Refreshing native plugins compatible for Editor in 1.02 ms, found 3 plugins.
Preloading 0 native plugins for Editor in 0.00 ms.
Mono: successfully reloaded assembly
- Completed reload, in  1.668 seconds
Domain Reload Profiling:
	ReloadAssembly (1669ms)
		BeginReloadAssembly (188ms)
			ExecutionOrderSort (0ms)
			DisableScriptedObjects (7ms)
			BackupInstance (0ms)
			ReleaseScriptingObjects (0ms)
			CreateAndSetChildDomain (24ms)
		EndReloadAssembly (1230ms)
			LoadAssemblies (143ms)
			RebuildTransferFunctionScriptingTraits (0ms)
			SetupTypeCache (421ms)
			ReleaseScriptCaches (1ms)
			RebuildScriptCaches (60ms)
			SetupLoadedEditorAssemblies (525ms)
				LogAssemblyErrors (0ms)
				InitializePlatformSupportModulesInManaged (7ms)
				SetLoadedEditorAssemblies (1ms)
				RefreshPlugins (1ms)
				BeforeProcessingInitializeOnLoad (109ms)
				ProcessInitializeOnLoadAttributes (364ms)
				ProcessInitializeOnLoadMethodAttributes (38ms)
				AfterProcessingInitializeOnLoad (5ms)
				EditorAssembliesLoaded (0ms)
			ExecutionOrderSort2 (0ms)
			AwakeInstancesAfterBackupRestoration (8ms)
Platform modules already initialized, skipping
========================================================================
Worker process is ready to serve import requests
Launched and connected shader compiler UnityShaderCompiler.exe after 0.09 seconds
Refreshing native plugins compatible for Editor in 1.08 ms, found 3 plugins.
Preloading 0 native plugins for Editor in 0.00 ms.
Unloading 3392 Unused Serialized files (Serialized files now loaded: 0)
Unloading 27 unused Assets / (113.4 KB). Loaded Objects now: 3850.
Memory consumption went from 116.8 MB to 116.7 MB.
Total: 5.294200 ms (FindLiveObjects: 0.275800 ms CreateObjectMapping: 0.124500 ms MarkObjects: 4.720800 ms  DeleteObjects: 0.171900 ms)

AssetImportParameters requested are different than current active one (requested -> active):
  custom:video-decoder-ogg-theora: a1e56fd34408186e4bbccfd4996cb3dc -> 
  custom:container-muxer-webm: aa71ff27fc2769a1b78a27578f13a17b -> 
  custom:container-demuxer-webm: 4f35f7cbe854078d1ac9338744f61a02 -> 
  custom:video-encoder-webm-vp8: eb34c28f22e8b96e1ab97ce403110664 -> 
  custom:audio-encoder-webm-vorbis: bf7c407c2cedff20999df2af8eb42d56 -> 
  custom:framework-win-MediaFoundation: 216162199b28c13a410421893ffa2e32 -> 
  custom:container-demuxer-ogg: 62fdf1f143b41e24485cea50d1cbac27 -> 
  custom:video-decoder-webm-vp8: 9c59270c3fd7afecdb556c50c9e8de78 -> 
  custom:audio-decoder-ogg-vorbis: bf7c407c2cedff20999df2af8eb42d56 -> 
========================================================================
Received Import Request.
  Time since last request: 1872217.171210 seconds.
  path: Packages/com.unity.collab-proxy/Editor/Collaborate/Assets/Icons/back-light@2x.png
  artifactKey: Guid(f5c57327df0fa294c8209aa216435167) Importer(815301076,1909f56bfc062723c751e8b465ee728b)
Start importing Packages/com.unity.collab-proxy/Editor/Collaborate/Assets/Icons/back-light@2x.png using Guid(f5c57327df0fa294c8209aa216435167) Importer(815301076,1909f56bfc062723c751e8b465ee728b)  -> (artifact id: 'd2f75ddf09df99fe187db24f59536fc6') in 0.160731 seconds 
========================================================================
Received Import Request.
  Time since last request: 19.593934 seconds.
  path: Assets/Candy/source/candy.obj
  artifactKey: Guid(5c4920714ac9a5542870adbc9c922440) Importer(815301076,1909f56bfc062723c751e8b465ee728b)
Start importing Assets/Candy/source/candy.obj using Guid(5c4920714ac9a5542870adbc9c922440) Importer(815301076,1909f56bfc062723c751e8b465ee728b)  -> (artifact id: 'deffe7aadb0adc256bf84cb1a0daef0e') in 0.131164 seconds 
========================================================================
Received Import Request.
  Time since last request: 25.067499 seconds.
  path: Assets/Christmas-Assets-FREE
  artifactKey: Guid(bf008947a7a205840aae25bcd688442f) Importer(815301076,1909f56bfc062723c751e8b465ee728b)
Start importing Assets/Christmas-Assets-FREE using Guid(bf008947a7a205840aae25bcd688442f) Importer(815301076,1909f56bfc062723c751e8b465ee728b)  -> (artifact id: 'df4ab069042dcd6b525cdc80f12f081a') in 0.061075 seconds 
========================================================================
Received Import Request.
  Time since last request: 191.406960 seconds.
  path: Assets/__GamePlay__
  artifactKey: Guid(865895639b9be6547a1b97085c92cff8) Importer(815301076,1909f56bfc062723c751e8b465ee728b)
Start importing Assets/__GamePlay__ using Guid(865895639b9be6547a1b97085c92cff8) Importer(815301076,1909f56bfc062723c751e8b465ee728b)  -> (artifact id: '0dca9aff27c7a700ba687dcfc949163a') in 0.011156 seconds 
========================================================================
Received Import Request.
  Time since last request: 1.159873 seconds.
  path: Assets/__GamePlay__/__Prefabs__
  artifactKey: Guid(1b202130fd958b64ea36522f518a93e6) Importer(815301076,1909f56bfc062723c751e8b465ee728b)
Start importing Assets/__GamePlay__/__Prefabs__ using Guid(1b202130fd958b64ea36522f518a93e6) Importer(815301076,1909f56bfc062723c751e8b465ee728b)  -> (artifact id: '53abb75c50f2239ef9c615490c8a4625') in 0.012420 seconds 
========================================================================
Received Import Request.
  Time since last request: 0.875608 seconds.
  path: Assets/__GamePlay__/__Prefabs__/Weapon
  artifactKey: Guid(3296c6fb045497142991023b7ce70daa) Importer(815301076,1909f56bfc062723c751e8b465ee728b)
Start importing Assets/__GamePlay__/__Prefabs__/Weapon using Guid(3296c6fb045497142991023b7ce70daa) Importer(815301076,1909f56bfc062723c751e8b465ee728b)  -> (artifact id: 'd2a843c0bf2bb74e307ad59758f79bcc') in 0.054471 seconds 
========================================================================
Received Import Request.
  Time since last request: 0.079135 seconds.
  path: Assets/__GamePlay__/__Prefabs__/Weapon/Candy.prefab
  artifactKey: Guid(d9029441eb5c9ba4fb6dc81564fb9c88) Importer(815301076,1909f56bfc062723c751e8b465ee728b)
Start importing Assets/__GamePlay__/__Prefabs__/Weapon/Candy.prefab using Guid(d9029441eb5c9ba4fb6dc81564fb9c88) Importer(815301076,1909f56bfc062723c751e8b465ee728b)  -> (artifact id: '97447a03172a741d28582fdabf62d4b8') in 0.081359 seconds 
========================================================================
Received Import Request.
  Time since last request: 179.065327 seconds.
  path: Assets/All Assets
  artifactKey: Guid(b07bbe4b6d9d9e64c800ff61231f92aa) Importer(815301076,1909f56bfc062723c751e8b465ee728b)
Start importing Assets/All Assets using Guid(b07bbe4b6d9d9e64c800ff61231f92aa) Importer(815301076,1909f56bfc062723c751e8b465ee728b)  -> (artifact id: '5b6970644571022dd20e5a13150fb6e4') in 0.027090 seconds 
========================================================================
Received Import Request.
  Time since last request: 1.577174 seconds.
  path: Assets/All Assets/Internship Art
  artifactKey: Guid(e073d35454fae7849af0ebcb71ce7bdf) Importer(815301076,1909f56bfc062723c751e8b465ee728b)
Start importing Assets/All Assets/Internship Art using Guid(e073d35454fae7849af0ebcb71ce7bdf) Importer(815301076,1909f56bfc062723c751e8b465ee728b)  -> (artifact id: '71cbca3eef02d932fdb3eda0657dcb49') in 0.048722 seconds 
========================================================================
Received Import Request.
  Time since last request: 0.860846 seconds.
  path: Assets/All Assets/Internship Art/3D
  artifactKey: Guid(3b6da3d97cd9ad248bdd62dad78ae677) Importer(815301076,1909f56bfc062723c751e8b465ee728b)
Start importing Assets/All Assets/Internship Art/3D using Guid(3b6da3d97cd9ad248bdd62dad78ae677) Importer(815301076,1909f56bfc062723c751e8b465ee728b)  -> (artifact id: 'c813dba192297310785d47644b8bba8a') in 0.031078 seconds 
========================================================================
Received Import Request.
  Time since last request: 1.409985 seconds.
  path: Assets/All Assets/Internship Art/3D/Skin
  artifactKey: Guid(888f4a0d81e78f447bbc1da7f6b5c443) Importer(815301076,1909f56bfc062723c751e8b465ee728b)
Start importing Assets/All Assets/Internship Art/3D/Skin using Guid(888f4a0d81e78f447bbc1da7f6b5c443) Importer(815301076,1909f56bfc062723c751e8b465ee728b)  -> (artifact id: '5a8936aaeef00dedfda8fafac392257b') in 0.048223 seconds 
========================================================================
Received Import Request.
  Time since last request: 0.144233 seconds.
  path: Assets/All Assets/Internship Art/3D/Skin/Candy0_2.png
  artifactKey: Guid(3b3092b23c4a6604788255cb56eac80e) Importer(815301076,1909f56bfc062723c751e8b465ee728b)
Start importing Assets/All Assets/Internship Art/3D/Skin/Candy0_2.png using Guid(3b3092b23c4a6604788255cb56eac80e) Importer(815301076,1909f56bfc062723c751e8b465ee728b)  -> (artifact id: '1ba9c435dd504cb615a3584538822c77') in 0.064456 seconds 
========================================================================
Received Import Request.
  Time since last request: 1.014561 seconds.
  path: Assets/All Assets/Internship Art/3D/Skin/Materials
  artifactKey: Guid(16da11a2c25c9ea468d039ee1010be6d) Importer(815301076,1909f56bfc062723c751e8b465ee728b)
Start importing Assets/All Assets/Internship Art/3D/Skin/Materials using Guid(16da11a2c25c9ea468d039ee1010be6d) Importer(815301076,1909f56bfc062723c751e8b465ee728b)  -> (artifact id: '69856d1935b7511e47afeda66a15bfae') in 0.002725 seconds 
========================================================================
Received Import Request.
  Time since last request: 0.095745 seconds.
  path: Assets/All Assets/Internship Art/3D/Skin/Materials/Candy0_2.mat
  artifactKey: Guid(043c767a0e8242b46b953469b594a0a0) Importer(815301076,1909f56bfc062723c751e8b465ee728b)
Start importing Assets/All Assets/Internship Art/3D/Skin/Materials/Candy0_2.mat using Guid(043c767a0e8242b46b953469b594a0a0) Importer(815301076,1909f56bfc062723c751e8b465ee728b)  -> (artifact id: 'a5322a589b46978b9b52374f85c7a24d') in 0.098539 seconds 
========================================================================
Received Import Request.
  Time since last request: 6.497190 seconds.
  path: Assets/All Assets/Internship Art/3D/Weapon
  artifactKey: Guid(a82988b86cd345440a879c115476c00e) Importer(815301076,1909f56bfc062723c751e8b465ee728b)
Start importing Assets/All Assets/Internship Art/3D/Weapon using Guid(a82988b86cd345440a879c115476c00e) Importer(815301076,1909f56bfc062723c751e8b465ee728b)  -> (artifact id: '46ba00feb44e2103a72ae76b1f146fef') in 0.002894 seconds 
========================================================================
Received Import Request.
  Time since last request: 0.157921 seconds.
  path: Assets/All Assets/Internship Art/3D/Weapon/candy_0.fbx
  artifactKey: Guid(77de8014aff37804f92ab58c8817cced) Importer(815301076,1909f56bfc062723c751e8b465ee728b)
Start importing Assets/All Assets/Internship Art/3D/Weapon/candy_0.fbx using Guid(77de8014aff37804f92ab58c8817cced) Importer(815301076,1909f56bfc062723c751e8b465ee728b)  -> (artifact id: 'a6e8a1afaf95de8198de014e154ae844') in 0.046470 seconds 
========================================================================
Received Import Request.
  Time since last request: 6.257532 seconds.
  path: Assets/All Assets/Internship Art/3D/Weapon/Materials
  artifactKey: Guid(a730fc95fe553dd4aaafffabead4bbf9) Importer(815301076,1909f56bfc062723c751e8b465ee728b)
Start importing Assets/All Assets/Internship Art/3D/Weapon/Materials using Guid(a730fc95fe553dd4aaafffabead4bbf9) Importer(815301076,1909f56bfc062723c751e8b465ee728b)  -> (artifact id: '514314e107ef5b9c4d356dcab9a1b295') in 0.010650 seconds 
========================================================================
Received Import Request.
  Time since last request: 0.088232 seconds.
  path: Assets/All Assets/Internship Art/3D/Weapon/Materials/Material.001.mat
  artifactKey: Guid(59011c4d6a5b0e147865d7f86ca125c2) Importer(815301076,1909f56bfc062723c751e8b465ee728b)
Start importing Assets/All Assets/Internship Art/3D/Weapon/Materials/Material.001.mat using Guid(59011c4d6a5b0e147865d7f86ca125c2) Importer(815301076,1909f56bfc062723c751e8b465ee728b)  -> (artifact id: 'a7131caf63e4cc8f6367c8ad498bac7b') in 0.072541 seconds 
========================================================================
Received Import Request.
  Time since last request: 0.000042 seconds.
  path: Assets/All Assets/Internship Art/3D/Weapon/Materials/Material.003.mat
  artifactKey: Guid(6df40d4234ba19a4fa20c3b447c975b0) Importer(815301076,1909f56bfc062723c751e8b465ee728b)
Start importing Assets/All Assets/Internship Art/3D/Weapon/Materials/Material.003.mat using Guid(6df40d4234ba19a4fa20c3b447c975b0) Importer(815301076,1909f56bfc062723c751e8b465ee728b)  -> (artifact id: '7e0b3afa7862c9a59c49bbac6f480fb2') in 0.020764 seconds 
========================================================================
Received Import Request.
  Time since last request: 38.330394 seconds.
  path: Assets/__GamePlay__/__Prefabs__/Weapon/Candy.prefab
  artifactKey: Guid(d9029441eb5c9ba4fb6dc81564fb9c88) Importer(815301076,1909f56bfc062723c751e8b465ee728b)
Start importing Assets/__GamePlay__/__Prefabs__/Weapon/Candy.prefab using Guid(d9029441eb5c9ba4fb6dc81564fb9c88) Importer(815301076,1909f56bfc062723c751e8b465ee728b)  -> (artifact id: '088ac90bd97268c73d8bfa1ad301fa2f') in 0.007824 seconds 
========================================================================
Received Import Request.
  Time since last request: 144.580940 seconds.
  path: Assets/Assets
  artifactKey: Guid(c3751f5f076cb8846a776e4115698c79) Importer(815301076,1909f56bfc062723c751e8b465ee728b)
Start importing Assets/Assets using Guid(c3751f5f076cb8846a776e4115698c79) Importer(815301076,1909f56bfc062723c751e8b465ee728b)  -> (artifact id: '0414e4670243a95ffa52b2131e5dea30') in 0.012734 seconds 
========================================================================
Received Import Request.
  Time since last request: 17.220339 seconds.
  path: Assets/Prefabs
  artifactKey: Guid(4ba955bbbe287094c800bbde947fd934) Importer(815301076,1909f56bfc062723c751e8b465ee728b)
Start importing Assets/Prefabs using Guid(4ba955bbbe287094c800bbde947fd934) Importer(815301076,1909f56bfc062723c751e8b465ee728b)  -> (artifact id: '8145c2c2ad1ed7eaeff02e7413c5d93b') in 0.011867 seconds 
========================================================================
Received Prepare
Registering precompiled user dll's ...
Registered in 0.005138 seconds.
Begin MonoManager ReloadAssembly
Symbol file LoadedFromMemory doesn't match image E:\AI Scripts\Library\PackageCache\com.unity.visualscripting@1.7.8\Editor\VisualScripting.Core\Dependencies\YamlDotNet\Unity.VisualScripting.YamlDotNet.dll
Symbol file LoadedFromMemory doesn't match image E:\AI Scripts\Library\PackageCache\com.unity.visualscripting@1.7.8\Editor\VisualScripting.Core\Dependencies\DotNetZip\Unity.VisualScripting.IonicZip.dll
Native extension for WindowsStandalone target not found
Refreshing native plugins compatible for Editor in 1.22 ms, found 3 plugins.
Preloading 0 native plugins for Editor in 0.00 ms.
Mono: successfully reloaded assembly
- Completed reload, in  2.293 seconds
Domain Reload Profiling:
	ReloadAssembly (2298ms)
		BeginReloadAssembly (902ms)
			ExecutionOrderSort (0ms)
			DisableScriptedObjects (113ms)
			BackupInstance (0ms)
			ReleaseScriptingObjects (0ms)
			CreateAndSetChildDomain (325ms)
		EndReloadAssembly (1231ms)
			LoadAssemblies (142ms)
			RebuildTransferFunctionScriptingTraits (0ms)
			SetupTypeCache (491ms)
			ReleaseScriptCaches (3ms)
			RebuildScriptCaches (77ms)
			SetupLoadedEditorAssemblies (439ms)
				LogAssemblyErrors (0ms)
				InitializePlatformSupportModulesInManaged (27ms)
				SetLoadedEditorAssemblies (5ms)
				RefreshPlugins (1ms)
				BeforeProcessingInitializeOnLoad (88ms)
				ProcessInitializeOnLoadAttributes (278ms)
				ProcessInitializeOnLoadMethodAttributes (34ms)
				AfterProcessingInitializeOnLoad (6ms)
				EditorAssembliesLoaded (0ms)
			ExecutionOrderSort2 (0ms)
			AwakeInstancesAfterBackupRestoration (6ms)
Platform modules already initialized, skipping
Refreshing native plugins compatible for Editor in 1.82 ms, found 3 plugins.
Preloading 0 native plugins for Editor in 0.00 ms.
Unloading 3387 Unused Serialized files (Serialized files now loaded: 0)
Unloading 20 unused Assets / (79.8 KB). Loaded Objects now: 3900.
Memory consumption went from 121.5 MB to 121.5 MB.
Total: 6.094600 ms (FindLiveObjects: 0.282800 ms CreateObjectMapping: 0.127500 ms MarkObjects: 5.565200 ms  DeleteObjects: 0.117800 ms)

AssetImportParameters requested are different than current active one (requested -> active):
  custom:video-decoder-ogg-theora: a1e56fd34408186e4bbccfd4996cb3dc -> 
  custom:container-muxer-webm: aa71ff27fc2769a1b78a27578f13a17b -> 
  custom:container-demuxer-webm: 4f35f7cbe854078d1ac9338744f61a02 -> 
  custom:video-encoder-webm-vp8: eb34c28f22e8b96e1ab97ce403110664 -> 
  custom:audio-encoder-webm-vorbis: bf7c407c2cedff20999df2af8eb42d56 -> 
  custom:framework-win-MediaFoundation: 216162199b28c13a410421893ffa2e32 -> 
  custom:container-demuxer-ogg: 62fdf1f143b41e24485cea50d1cbac27 -> 
  custom:video-decoder-webm-vp8: 9c59270c3fd7afecdb556c50c9e8de78 -> 
  custom:audio-decoder-ogg-vorbis: bf7c407c2cedff20999df2af8eb42d56 -> 
