Using pre-set license
Built from '2021.3/staging' branch; Version is '2021.3.10f1 (1c7d0df0160b) revision 1867021'; Using compiler version '192829333'; Build Type 'Release'
OS: 'Windows 11  (10.0.22621) 64bit CoreSingleLanguage' Language: 'en' Physical Memory: 7893 MB
BatchMode: 1, IsHumanControllingUs: 0, StartBugReporterOnCrash: 0, Is64bit: 1, IsPro: 1

COMMAND LINE ARGUMENTS:
C:\Program Files\Unity\Hub\Editor\2021.3.10f1\Editor\Unity.exe
-adb2
-batchMode
-noUpm
-name
AssetImportWorker0
-projectPath
E:/AI Scripts
-logFile
Logs/AssetImportWorker0.log
-srvPort
58351
Successfully changed project path to: E:/AI Scripts
E:/AI Scripts
[UnityMemory] Configuration Parameters - Can be set up in boot.config
    "memorysetup-bucket-allocator-granularity=16"
    "memorysetup-bucket-allocator-bucket-count=8"
    "memorysetup-bucket-allocator-block-size=33554432"
    "memorysetup-bucket-allocator-block-count=8"
    "memorysetup-main-allocator-block-size=16777216"
    "memorysetup-thread-allocator-block-size=16777216"
    "memorysetup-gfx-main-allocator-block-size=16777216"
    "memorysetup-gfx-thread-allocator-block-size=16777216"
    "memorysetup-cache-allocator-block-size=4194304"
    "memorysetup-typetree-allocator-block-size=2097152"
    "memorysetup-profiler-bucket-allocator-granularity=16"
    "memorysetup-profiler-bucket-allocator-bucket-count=8"
    "memorysetup-profiler-bucket-allocator-block-size=33554432"
    "memorysetup-profiler-bucket-allocator-block-count=8"
    "memorysetup-profiler-allocator-block-size=16777216"
    "memorysetup-profiler-editor-allocator-block-size=1048576"
    "memorysetup-temp-allocator-size-main=16777216"
    "memorysetup-job-temp-allocator-block-size=2097152"
    "memorysetup-job-temp-allocator-block-size-background=1048576"
    "memorysetup-job-temp-allocator-reduction-small-platforms=262144"
    "memorysetup-temp-allocator-size-background-worker=32768"
    "memorysetup-temp-allocator-size-job-worker=262144"
    "memorysetup-temp-allocator-size-preload-manager=33554432"
    "memorysetup-temp-allocator-size-nav-mesh-worker=65536"
    "memorysetup-temp-allocator-size-audio-worker=65536"
    "memorysetup-temp-allocator-size-cloud-worker=32768"
    "memorysetup-temp-allocator-size-gi-baking-worker=262144"
    "memorysetup-temp-allocator-size-gfx=262144"
Refreshing native plugins compatible for Editor in 63.83 ms, found 3 plugins.
Preloading 0 native plugins for Editor in 0.00 ms.
Initialize engine version: 2021.3.10f1 (1c7d0df0160b)
[Subsystems] Discovering subsystems at path C:/Program Files/Unity/Hub/Editor/2021.3.10f1/Editor/Data/Resources/UnitySubsystems
[Subsystems] Discovering subsystems at path E:/AI Scripts/Assets
GfxDevice: creating device client; threaded=0; jobified=0
Direct3D:
    Version:  Direct3D 11.0 [level 11.1]
    Renderer: NVIDIA GeForce RTX 3050 Ti Laptop GPU (ID=0x25a0)
    Vendor:   NVIDIA
    VRAM:     3993 MB
    Driver:   30.0.15.1165
Initialize mono
Mono path[0] = 'C:/Program Files/Unity/Hub/Editor/2021.3.10f1/Editor/Data/Managed'
Mono path[1] = 'C:/Program Files/Unity/Hub/Editor/2021.3.10f1/Editor/Data/MonoBleedingEdge/lib/mono/unityjit-win32'
Mono config path = 'C:/Program Files/Unity/Hub/Editor/2021.3.10f1/Editor/Data/MonoBleedingEdge/etc'
Using monoOptions --debugger-agent=transport=dt_socket,embedding=1,server=y,suspend=n,address=127.0.0.1:56916
Begin MonoManager ReloadAssembly
Registering precompiled unity dll's ...
Register platform support module: C:/Program Files/Unity/Hub/Editor/2021.3.10f1/Editor/Data/PlaybackEngines/WindowsStandaloneSupport/UnityEditor.WindowsStandalone.Extensions.dll
Registered in 0.003261 seconds.
Native extension for WindowsStandalone target not found
Refreshing native plugins compatible for Editor in 73.07 ms, found 3 plugins.
Preloading 0 native plugins for Editor in 0.00 ms.
Mono: successfully reloaded assembly
- Completed reload, in  0.509 seconds
Domain Reload Profiling:
	ReloadAssembly (509ms)
		BeginReloadAssembly (59ms)
			ExecutionOrderSort (0ms)
			DisableScriptedObjects (0ms)
			BackupInstance (0ms)
			ReleaseScriptingObjects (0ms)
			CreateAndSetChildDomain (1ms)
		EndReloadAssembly (361ms)
			LoadAssemblies (57ms)
			RebuildTransferFunctionScriptingTraits (0ms)
			SetupTypeCache (82ms)
			ReleaseScriptCaches (0ms)
			RebuildScriptCaches (22ms)
			SetupLoadedEditorAssemblies (212ms)
				LogAssemblyErrors (0ms)
				InitializePlatformSupportModulesInManaged (5ms)
				SetLoadedEditorAssemblies (0ms)
				RefreshPlugins (73ms)
				BeforeProcessingInitializeOnLoad (1ms)
				ProcessInitializeOnLoadAttributes (95ms)
				ProcessInitializeOnLoadMethodAttributes (37ms)
				AfterProcessingInitializeOnLoad (0ms)
				EditorAssembliesLoaded (0ms)
			ExecutionOrderSort2 (0ms)
			AwakeInstancesAfterBackupRestoration (0ms)
Platform modules already initialized, skipping
Registering precompiled user dll's ...
Registered in 0.002560 seconds.
Begin MonoManager ReloadAssembly
Symbol file LoadedFromMemory doesn't match image E:\AI Scripts\Library\PackageCache\com.unity.visualscripting@1.7.8\Editor\VisualScripting.Core\Dependencies\YamlDotNet\Unity.VisualScripting.YamlDotNet.dll
Symbol file LoadedFromMemory doesn't match image E:\AI Scripts\Library\PackageCache\com.unity.visualscripting@1.7.8\Editor\VisualScripting.Core\Dependencies\DotNetZip\Unity.VisualScripting.IonicZip.dll
Native extension for WindowsStandalone target not found
Refreshing native plugins compatible for Editor in 0.68 ms, found 3 plugins.
Preloading 0 native plugins for Editor in 0.00 ms.
Mono: successfully reloaded assembly
- Completed reload, in  0.927 seconds
Domain Reload Profiling:
	ReloadAssembly (928ms)
		BeginReloadAssembly (90ms)
			ExecutionOrderSort (0ms)
			DisableScriptedObjects (4ms)
			BackupInstance (0ms)
			ReleaseScriptingObjects (0ms)
			CreateAndSetChildDomain (18ms)
		EndReloadAssembly (731ms)
			LoadAssemblies (133ms)
			RebuildTransferFunctionScriptingTraits (0ms)
			SetupTypeCache (236ms)
			ReleaseScriptCaches (2ms)
			RebuildScriptCaches (42ms)
			SetupLoadedEditorAssemblies (288ms)
				LogAssemblyErrors (0ms)
				InitializePlatformSupportModulesInManaged (4ms)
				SetLoadedEditorAssemblies (0ms)
				RefreshPlugins (1ms)
				BeforeProcessingInitializeOnLoad (65ms)
				ProcessInitializeOnLoadAttributes (187ms)
				ProcessInitializeOnLoadMethodAttributes (26ms)
				AfterProcessingInitializeOnLoad (5ms)
				EditorAssembliesLoaded (0ms)
			ExecutionOrderSort2 (0ms)
			AwakeInstancesAfterBackupRestoration (6ms)
Platform modules already initialized, skipping
========================================================================
Worker process is ready to serve import requests
Launched and connected shader compiler UnityShaderCompiler.exe after 0.06 seconds
Refreshing native plugins compatible for Editor in 1.21 ms, found 3 plugins.
Preloading 0 native plugins for Editor in 0.00 ms.
Unloading 3392 Unused Serialized files (Serialized files now loaded: 0)
Unloading 27 unused Assets / (113.4 KB). Loaded Objects now: 3849.
Memory consumption went from 116.5 MB to 116.4 MB.
Total: 3.971100 ms (FindLiveObjects: 0.357800 ms CreateObjectMapping: 0.106500 ms MarkObjects: 3.378700 ms  DeleteObjects: 0.126500 ms)

AssetImportParameters requested are different than current active one (requested -> active):
  custom:video-decoder-ogg-theora: a1e56fd34408186e4bbccfd4996cb3dc -> 
  custom:container-muxer-webm: aa71ff27fc2769a1b78a27578f13a17b -> 
  custom:container-demuxer-webm: 4f35f7cbe854078d1ac9338744f61a02 -> 
  custom:video-encoder-webm-vp8: eb34c28f22e8b96e1ab97ce403110664 -> 
  custom:audio-encoder-webm-vorbis: bf7c407c2cedff20999df2af8eb42d56 -> 
  custom:framework-win-MediaFoundation: 216162199b28c13a410421893ffa2e32 -> 
  custom:container-demuxer-ogg: 62fdf1f143b41e24485cea50d1cbac27 -> 
  custom:video-decoder-webm-vp8: 9c59270c3fd7afecdb556c50c9e8de78 -> 
  custom:audio-decoder-ogg-vorbis: bf7c407c2cedff20999df2af8eb42d56 -> 
========================================================================
Received Import Request.
  Time since last request: 1811323.994760 seconds.
  path: Assets/Christmas-Assets-FREE/Prefabs
  artifactKey: Guid(cebe190b63305da4e8ec4f20a32c058a) Importer(815301076,1909f56bfc062723c751e8b465ee728b)
Start importing Assets/Christmas-Assets-FREE/Prefabs using Guid(cebe190b63305da4e8ec4f20a32c058a) Importer(815301076,1909f56bfc062723c751e8b465ee728b)  -> (artifact id: '642b4877e07661ee3fb89395d4b659f3') in 0.033695 seconds 
========================================================================
Received Import Request.
  Time since last request: 0.000023 seconds.
  path: Assets/Christmas-Assets-FREE/Prefabs/Candy-Cane.prefab
  artifactKey: Guid(10ffc052a8e4bb8439b2ce53b6daf3a4) Importer(815301076,1909f56bfc062723c751e8b465ee728b)
Start importing Assets/Christmas-Assets-FREE/Prefabs/Candy-Cane.prefab using Guid(10ffc052a8e4bb8439b2ce53b6daf3a4) Importer(815301076,1909f56bfc062723c751e8b465ee728b)  -> (artifact id: '8b9c56745e50e93fd983fe7e9929d21d') in 0.274913 seconds 
========================================================================
Received Import Request.
  Time since last request: 0.000019 seconds.
  path: Assets/Christmas-Assets-FREE/Prefabs/Present-01.prefab
  artifactKey: Guid(cd3a6a05b35c3aa4ba89adbcd9f7cc32) Importer(815301076,1909f56bfc062723c751e8b465ee728b)
Start importing Assets/Christmas-Assets-FREE/Prefabs/Present-01.prefab using Guid(cd3a6a05b35c3aa4ba89adbcd9f7cc32) Importer(815301076,1909f56bfc062723c751e8b465ee728b)  -> (artifact id: '1ade3c9379dd3e437c8c3856a4cfdafb') in 0.065783 seconds 
========================================================================
Received Import Request.
  Time since last request: 551.596982 seconds.
  path: Assets/3b8d8784eac744218b661507350d33d9_obj/model.jpg
  artifactKey: Guid(5fc3215f4f08bab4da340463615b723f) Importer(815301076,1909f56bfc062723c751e8b465ee728b)
Start importing Assets/3b8d8784eac744218b661507350d33d9_obj/model.jpg using Guid(5fc3215f4f08bab4da340463615b723f) Importer(815301076,1909f56bfc062723c751e8b465ee728b)  -> (artifact id: 'a824ea75f21f79b7ce6021b1f315fc62') in 0.079642 seconds 
========================================================================
Received Import Request.
  Time since last request: 0.000048 seconds.
  path: Assets/3b8d8784eac744218b661507350d33d9_obj/R_06fce832737a4b51bedd80c3ebd05d50_Hammerbond03_black_Roughness.jpeg
  artifactKey: Guid(5f031e5709cfe5643862a7d731ed1f64) Importer(815301076,1909f56bfc062723c751e8b465ee728b)
Start importing Assets/3b8d8784eac744218b661507350d33d9_obj/R_06fce832737a4b51bedd80c3ebd05d50_Hammerbond03_black_Roughness.jpeg using Guid(5f031e5709cfe5643862a7d731ed1f64) Importer(815301076,1909f56bfc062723c751e8b465ee728b)  -> (artifact id: 'c79d43d506052d374ee2c8dabe745889') in 0.030728 seconds 
========================================================================
Received Import Request.
  Time since last request: 0.000032 seconds.
  path: Assets/3b8d8784eac744218b661507350d33d9_obj/RGB_7ee4b34cc1694c8e8e19a1f1f9a073a9_Hammerbond03_Pink_Roughness.png
  artifactKey: Guid(dae4e2701384e7942afa37d5e2508bfc) Importer(815301076,1909f56bfc062723c751e8b465ee728b)
Start importing Assets/3b8d8784eac744218b661507350d33d9_obj/RGB_7ee4b34cc1694c8e8e19a1f1f9a073a9_Hammerbond03_Pink_Roughness.png using Guid(dae4e2701384e7942afa37d5e2508bfc) Importer(815301076,1909f56bfc062723c751e8b465ee728b)  -> (artifact id: '861a24e883e1dcb76736330cb4616427') in 0.020577 seconds 
========================================================================
Received Import Request.
  Time since last request: 0.000041 seconds.
  path: Assets/3b8d8784eac744218b661507350d33d9_obj/RGB_77c3f9d3c1184c05a99a9a3c98c286e5_Hammerbond03_black_Metallic.png
  artifactKey: Guid(854993b24054f014a8e753f93fdbd714) Importer(815301076,1909f56bfc062723c751e8b465ee728b)
Start importing Assets/3b8d8784eac744218b661507350d33d9_obj/RGB_77c3f9d3c1184c05a99a9a3c98c286e5_Hammerbond03_black_Metallic.png using Guid(854993b24054f014a8e753f93fdbd714) Importer(815301076,1909f56bfc062723c751e8b465ee728b)  -> (artifact id: 'ceee4988b53d8afa4b7afadec5621011') in 0.016562 seconds 
========================================================================
Received Import Request.
  Time since last request: 0.000023 seconds.
  path: Assets/3b8d8784eac744218b661507350d33d9_obj/N_bc56227db5f24ed4a93bb50b1f85713d_Hammerbond03_black_Normal.jpeg
  artifactKey: Guid(71bbb33e54aea2248bbeb5efd2163cac) Importer(815301076,1909f56bfc062723c751e8b465ee728b)
Start importing Assets/3b8d8784eac744218b661507350d33d9_obj/N_bc56227db5f24ed4a93bb50b1f85713d_Hammerbond03_black_Normal.jpeg using Guid(71bbb33e54aea2248bbeb5efd2163cac) Importer(815301076,1909f56bfc062723c751e8b465ee728b)  -> (artifact id: 'c74ec8798ceb61b37ad5bf9045e132bd') in 0.014526 seconds 
========================================================================
Received Import Request.
  Time since last request: 0.000029 seconds.
  path: Assets/3b8d8784eac744218b661507350d33d9_obj/RGB_2f39563af56647c1a89fec608bdd7360_Hammerbond03_Pink_BaseColor.png
  artifactKey: Guid(190596de1cb2c024fa122df092c8e8c9) Importer(815301076,1909f56bfc062723c751e8b465ee728b)
Start importing Assets/3b8d8784eac744218b661507350d33d9_obj/RGB_2f39563af56647c1a89fec608bdd7360_Hammerbond03_Pink_BaseColor.png using Guid(190596de1cb2c024fa122df092c8e8c9) Importer(815301076,1909f56bfc062723c751e8b465ee728b)  -> (artifact id: '058cb884b8252fa3bea2cfe38dc3ba8f') in 0.014628 seconds 
========================================================================
Received Import Request.
  Time since last request: 0.000023 seconds.
  path: Assets/3b8d8784eac744218b661507350d33d9_obj/R_b172de295de44c5e8b608531a620f10a_Hammerbond03_black_Height.jpeg
  artifactKey: Guid(394cdbbf222fde444907774436730ad2) Importer(815301076,1909f56bfc062723c751e8b465ee728b)
Start importing Assets/3b8d8784eac744218b661507350d33d9_obj/R_b172de295de44c5e8b608531a620f10a_Hammerbond03_black_Height.jpeg using Guid(394cdbbf222fde444907774436730ad2) Importer(815301076,1909f56bfc062723c751e8b465ee728b)  -> (artifact id: 'f8dd2523b827a6bb3023481e55743147') in 0.016233 seconds 
========================================================================
Received Import Request.
  Time since last request: 0.000026 seconds.
  path: Assets/3b8d8784eac744218b661507350d33d9_obj/RGB_be703bd6d31846cd8572f1920cae3608_Hammerbond03_black_BaseColor.png
  artifactKey: Guid(6bfb4fb17a93d7c458d1ac4e8b1bdf13) Importer(815301076,1909f56bfc062723c751e8b465ee728b)
Start importing Assets/3b8d8784eac744218b661507350d33d9_obj/RGB_be703bd6d31846cd8572f1920cae3608_Hammerbond03_black_BaseColor.png using Guid(6bfb4fb17a93d7c458d1ac4e8b1bdf13) Importer(815301076,1909f56bfc062723c751e8b465ee728b)  -> (artifact id: 'e27e4d971fb698916c7d822a9129618a') in 0.015898 seconds 
========================================================================
Received Import Request.
  Time since last request: 0.000027 seconds.
  path: Assets/3b8d8784eac744218b661507350d33d9_obj/R_e5adde5aa72e442091fcb33ae40dba3a_Hammerbond03_Pink_Height.jpeg
  artifactKey: Guid(f41c0f87f76438a449a40c223fb5f6f5) Importer(815301076,1909f56bfc062723c751e8b465ee728b)
Start importing Assets/3b8d8784eac744218b661507350d33d9_obj/R_e5adde5aa72e442091fcb33ae40dba3a_Hammerbond03_Pink_Height.jpeg using Guid(f41c0f87f76438a449a40c223fb5f6f5) Importer(815301076,1909f56bfc062723c751e8b465ee728b)  -> (artifact id: '908ae8eb91e79b39bf48274db867ff5f') in 0.015138 seconds 
Editor requested this worker to shutdown with reason: Scaling down because of idle timeout
AssetImportWorker is now disconnected from the server
Process exiting
Exiting without the bug reporter. Application will terminate with return code 0