Using pre-set license
Built from '2021.3/staging' branch; Version is '2021.3.26f1 (a16dc32e0ff2) revision 10579395'; Using compiler version '192829333'; Build Type 'Release'
OS: 'Windows 10  (10.0.18363) 64bit Professional' Language: 'en' Physical Memory: 8134 MB
BatchMode: 1, IsHumanControllingUs: 0, StartBugReporterOnCrash: 0, Is64bit: 1, IsPro: 1

COMMAND LINE ARGUMENTS:
F:\Hoc\Unity\2021.3.26f1\Editor\Unity.exe
-adb2
-batchMode
-noUpm
-name
AssetImportWorker2
-projectPath
E:/Hoc/Git/AI-Scripts/AI Scripts
-logFile
Logs/AssetImportWorker2.log
-srvPort
50445
Successfully changed project path to: E:/Hoc/Git/AI-Scripts/AI Scripts
E:/Hoc/Git/AI-Scripts/AI Scripts
[UnityMemory] Configuration Parameters - Can be set up in boot.config
    "memorysetup-bucket-allocator-granularity=16"
    "memorysetup-bucket-allocator-bucket-count=8"
    "memorysetup-bucket-allocator-block-size=33554432"
    "memorysetup-bucket-allocator-block-count=8"
    "memorysetup-main-allocator-block-size=16777216"
    "memorysetup-thread-allocator-block-size=16777216"
    "memorysetup-gfx-main-allocator-block-size=16777216"
    "memorysetup-gfx-thread-allocator-block-size=16777216"
    "memorysetup-cache-allocator-block-size=4194304"
    "memorysetup-typetree-allocator-block-size=2097152"
    "memorysetup-profiler-bucket-allocator-granularity=16"
    "memorysetup-profiler-bucket-allocator-bucket-count=8"
    "memorysetup-profiler-bucket-allocator-block-size=33554432"
    "memorysetup-profiler-bucket-allocator-block-count=8"
    "memorysetup-profiler-allocator-block-size=16777216"
    "memorysetup-profiler-editor-allocator-block-size=1048576"
    "memorysetup-temp-allocator-size-main=16777216"
    "memorysetup-job-temp-allocator-block-size=2097152"
    "memorysetup-job-temp-allocator-block-size-background=1048576"
    "memorysetup-job-temp-allocator-reduction-small-platforms=262144"
    "memorysetup-temp-allocator-size-background-worker=32768"
    "memorysetup-temp-allocator-size-job-worker=262144"
    "memorysetup-temp-allocator-size-preload-manager=33554432"
    "memorysetup-temp-allocator-size-nav-mesh-worker=65536"
    "memorysetup-temp-allocator-size-audio-worker=65536"
    "memorysetup-temp-allocator-size-cloud-worker=32768"
    "memorysetup-temp-allocator-size-gi-baking-worker=262144"
    "memorysetup-temp-allocator-size-gfx=262144"
Player connection [10444] Host "[IP] 192.168.1.10 [Port] 0 [Flags] 2 [Guid] 974671643 [EditorId] 974671643 [Version] 1048832 [Id] WindowsEditor(7,DESKTOP-R31FHE9) [Debug] 1 [PackageName] WindowsEditor [ProjectName] Editor" joined multi-casting on [225.0.0.222:54997]...

Player connection [10444] Host "[IP] 192.168.1.10 [Port] 0 [Flags] 2 [Guid] 974671643 [EditorId] 974671643 [Version] 1048832 [Id] WindowsEditor(7,DESKTOP-R31FHE9) [Debug] 1 [PackageName] WindowsEditor [ProjectName] Editor" joined alternative multi-casting on [225.0.0.222:34997]...

Refreshing native plugins compatible for Editor in 97.25 ms, found 3 plugins.
Preloading 0 native plugins for Editor in 0.00 ms.
Initialize engine version: 2021.3.26f1 (a16dc32e0ff2)
[Subsystems] Discovering subsystems at path F:/Hoc/Unity/2021.3.26f1/Editor/Data/Resources/UnitySubsystems
[Subsystems] Discovering subsystems at path E:/Hoc/Git/AI-Scripts/AI Scripts/Assets
GfxDevice: creating device client; threaded=0; jobified=0
Direct3D:
    Version:  Direct3D 11.0 [level 11.1]
    Renderer: NVIDIA GeForce GTX 1660 (ID=0x2184)
    Vendor:   NVIDIA
    VRAM:     5991 MB
    Driver:   30.0.15.1165
Initialize mono
Mono path[0] = 'F:/Hoc/Unity/2021.3.26f1/Editor/Data/Managed'
Mono path[1] = 'F:/Hoc/Unity/2021.3.26f1/Editor/Data/MonoBleedingEdge/lib/mono/unityjit-win32'
Mono config path = 'F:/Hoc/Unity/2021.3.26f1/Editor/Data/MonoBleedingEdge/etc'
Using monoOptions --debugger-agent=transport=dt_socket,embedding=1,server=y,suspend=n,address=127.0.0.1:56576
Begin MonoManager ReloadAssembly
Registering precompiled unity dll's ...
Register platform support module: F:/Hoc/Unity/2021.3.26f1/Editor/Data/PlaybackEngines/WindowsStandaloneSupport/UnityEditor.WindowsStandalone.Extensions.dll
Registered in 0.002169 seconds.
Native extension for WindowsStandalone target not found
Refreshing native plugins compatible for Editor in 69.49 ms, found 3 plugins.
Preloading 0 native plugins for Editor in 0.00 ms.
Mono: successfully reloaded assembly
- Completed reload, in  0.600 seconds
Domain Reload Profiling:
	ReloadAssembly (600ms)
		BeginReloadAssembly (82ms)
			ExecutionOrderSort (0ms)
			DisableScriptedObjects (0ms)
			BackupInstance (0ms)
			ReleaseScriptingObjects (0ms)
			CreateAndSetChildDomain (1ms)
		EndReloadAssembly (424ms)
			LoadAssemblies (81ms)
			RebuildTransferFunctionScriptingTraits (0ms)
			SetupTypeCache (102ms)
			ReleaseScriptCaches (0ms)
			RebuildScriptCaches (31ms)
			SetupLoadedEditorAssemblies (246ms)
				LogAssemblyErrors (0ms)
				InitializePlatformSupportModulesInManaged (7ms)
				SetLoadedEditorAssemblies (0ms)
				RefreshPlugins (70ms)
				BeforeProcessingInitializeOnLoad (1ms)
				ProcessInitializeOnLoadAttributes (121ms)
				ProcessInitializeOnLoadMethodAttributes (46ms)
				AfterProcessingInitializeOnLoad (0ms)
				EditorAssembliesLoaded (0ms)
			ExecutionOrderSort2 (0ms)
			AwakeInstancesAfterBackupRestoration (0ms)
Platform modules already initialized, skipping
Registering precompiled user dll's ...
Registered in 0.004710 seconds.
Begin MonoManager ReloadAssembly
Symbol file LoadedFromMemory doesn't match image E:\Hoc\Git\AI-Scripts\AI Scripts\Library\PackageCache\com.unity.visualscripting@1.8.0\Editor\VisualScripting.Core\Dependencies\YamlDotNet\Unity.VisualScripting.YamlDotNet.dll
Symbol file LoadedFromMemory doesn't match image E:\Hoc\Git\AI-Scripts\AI Scripts\Library\PackageCache\com.unity.visualscripting@1.8.0\Editor\VisualScripting.Core\Dependencies\DotNetZip\Unity.VisualScripting.IonicZip.dll
Native extension for WindowsStandalone target not found
Refreshing native plugins compatible for Editor in 0.48 ms, found 3 plugins.
Preloading 0 native plugins for Editor in 0.00 ms.
Mono: successfully reloaded assembly
- Completed reload, in  0.951 seconds
Domain Reload Profiling:
	ReloadAssembly (952ms)
		BeginReloadAssembly (112ms)
			ExecutionOrderSort (0ms)
			DisableScriptedObjects (6ms)
			BackupInstance (0ms)
			ReleaseScriptingObjects (0ms)
			CreateAndSetChildDomain (19ms)
		EndReloadAssembly (744ms)
			LoadAssemblies (85ms)
			RebuildTransferFunctionScriptingTraits (0ms)
			SetupTypeCache (253ms)
			ReleaseScriptCaches (1ms)
			RebuildScriptCaches (51ms)
			SetupLoadedEditorAssemblies (321ms)
				LogAssemblyErrors (0ms)
				InitializePlatformSupportModulesInManaged (4ms)
				SetLoadedEditorAssemblies (1ms)
				RefreshPlugins (1ms)
				BeforeProcessingInitializeOnLoad (71ms)
				ProcessInitializeOnLoadAttributes (219ms)
				ProcessInitializeOnLoadMethodAttributes (21ms)
				AfterProcessingInitializeOnLoad (4ms)
				EditorAssembliesLoaded (0ms)
			ExecutionOrderSort2 (0ms)
			AwakeInstancesAfterBackupRestoration (8ms)
Platform modules already initialized, skipping
========================================================================
Worker process is ready to serve import requests
Launched and connected shader compiler UnityShaderCompiler.exe after 0.05 seconds
Refreshing native plugins compatible for Editor in 0.45 ms, found 3 plugins.
Preloading 0 native plugins for Editor in 0.00 ms.
Unloading 3063 Unused Serialized files (Serialized files now loaded: 0)
Unloading 22 unused Assets / (56.5 KB). Loaded Objects now: 3526.
Memory consumption went from 108.2 MB to 108.1 MB.
Total: 2.938000 ms (FindLiveObjects: 0.257500 ms CreateObjectMapping: 0.172100 ms MarkObjects: 2.431800 ms  DeleteObjects: 0.075800 ms)

AssetImportParameters requested are different than current active one (requested -> active):
  custom:video-decoder-ogg-theora: a1e56fd34408186e4bbccfd4996cb3dc -> 
  custom:container-muxer-webm: aa71ff27fc2769a1b78a27578f13a17b -> 
  custom:container-demuxer-webm: 4f35f7cbe854078d1ac9338744f61a02 -> 
  custom:video-encoder-webm-vp8: eb34c28f22e8b96e1ab97ce403110664 -> 
  custom:audio-encoder-webm-vorbis: bf7c407c2cedff20999df2af8eb42d56 -> 
  custom:framework-win-MediaFoundation: 216162199b28c13a410421893ffa2e32 -> 
  custom:container-demuxer-ogg: 62fdf1f143b41e24485cea50d1cbac27 -> 
  custom:video-decoder-webm-vp8: 9c59270c3fd7afecdb556c50c9e8de78 -> 
  custom:audio-decoder-ogg-vorbis: bf7c407c2cedff20999df2af8eb42d56 -> 
========================================================================
Received Import Request.
  Time since last request: 4025.313309 seconds.
  path: Assets/Scripts
  artifactKey: Guid(20178f615d2091f4d9a90e0355e83544) Importer(815301076,1909f56bfc062723c751e8b465ee728b)
Start importing Assets/Scripts using Guid(20178f615d2091f4d9a90e0355e83544) Importer(815301076,1909f56bfc062723c751e8b465ee728b)  -> (artifact id: 'ca61e13475a140e4bbaf701f4bc0a378') in 0.016614 seconds 
========================================================================
Received Import Request.
  Time since last request: 74.074062 seconds.
  path: Assets/Scripts/Manager
  artifactKey: Guid(564086591e08e6346a68c8d7a11c9e73) Importer(815301076,1909f56bfc062723c751e8b465ee728b)
Start importing Assets/Scripts/Manager using Guid(564086591e08e6346a68c8d7a11c9e73) Importer(815301076,1909f56bfc062723c751e8b465ee728b)  -> (artifact id: '9a611c6908d91d946b39820e5f20e019') in 0.010596 seconds 
========================================================================
Received Import Request.
  Time since last request: 3.112968 seconds.
  path: Assets/Scripts/States
  artifactKey: Guid(e90f7eea4ea3ac64ea000b8d14f00e57) Importer(815301076,1909f56bfc062723c751e8b465ee728b)
Start importing Assets/Scripts/States using Guid(e90f7eea4ea3ac64ea000b8d14f00e57) Importer(815301076,1909f56bfc062723c751e8b465ee728b)  -> (artifact id: '504e9fceae5e962db3ded5f84a498354') in 0.010019 seconds 
========================================================================
Received Import Request.
  Time since last request: 3.266729 seconds.
  path: Assets/Scripts/States/PatrolState.cs
  artifactKey: Guid(7ff6268ca58111d449920b3866270b47) Importer(815301076,1909f56bfc062723c751e8b465ee728b)
Start importing Assets/Scripts/States/PatrolState.cs using Guid(7ff6268ca58111d449920b3866270b47) Importer(815301076,1909f56bfc062723c751e8b465ee728b)  -> (artifact id: 'c89c19b37d9a2d4bc9ac0fe76c105bcd') in 0.038949 seconds 
Thread 00000000000016A8 may have been prematurely finalized
Thread 00000000000016A8 may have been prematurely finalized
========================================================================
Received Import Request.
  Time since last request: 56.666597 seconds.
  path: Assets/Scripts/States/CharacterState.cs
  artifactKey: Guid(5c66b5807a24f8d43a3df04a7e6659a8) Importer(815301076,1909f56bfc062723c751e8b465ee728b)
Start importing Assets/Scripts/States/CharacterState.cs using Guid(5c66b5807a24f8d43a3df04a7e6659a8) Importer(815301076,1909f56bfc062723c751e8b465ee728b)  -> (artifact id: '59fd38fbbcd9a92650333a83337e9f5d') in 0.016127 seconds 
========================================================================
Received Import Request.
  Time since last request: 23.254452 seconds.
  path: Assets/Scripts/States/AttackState.cs
  artifactKey: Guid(8f6804c0ba995cb4bbb14b2b361c3c93) Importer(815301076,1909f56bfc062723c751e8b465ee728b)
Start importing Assets/Scripts/States/AttackState.cs using Guid(8f6804c0ba995cb4bbb14b2b361c3c93) Importer(815301076,1909f56bfc062723c751e8b465ee728b)  -> (artifact id: '87e7744d3728619f040fdb04ab1bd59e') in 0.007709 seconds 
========================================================================
Received Import Request.
  Time since last request: 6.764417 seconds.
  path: Assets/Scripts/Character/Respawn.cs
  artifactKey: Guid(dc0bb67c32f4ee245bfcd377313f4591) Importer(815301076,1909f56bfc062723c751e8b465ee728b)
Start importing Assets/Scripts/Character/Respawn.cs using Guid(dc0bb67c32f4ee245bfcd377313f4591) Importer(815301076,1909f56bfc062723c751e8b465ee728b)  -> (artifact id: 'ab46ec41f720f55a0ff140bfd231028e') in 0.011114 seconds 
========================================================================
Received Import Request.
  Time since last request: 6.163672 seconds.
  path: Assets/Scripts/Character/CharacterManager.cs
  artifactKey: Guid(ce9f105691c4eb943b72121ce8af711c) Importer(815301076,1909f56bfc062723c751e8b465ee728b)
Start importing Assets/Scripts/Character/CharacterManager.cs using Guid(ce9f105691c4eb943b72121ce8af711c) Importer(815301076,1909f56bfc062723c751e8b465ee728b)  -> (artifact id: '694ad22f35f9fa4723e0cd6d05483647') in 0.006948 seconds 
========================================================================
Received Import Request.
  Time since last request: 7.197259 seconds.
  path: Assets/Scripts/Character/CharacterController.cs
  artifactKey: Guid(fc4cd809407585a4c894a4c7fbba0ed1) Importer(815301076,1909f56bfc062723c751e8b465ee728b)
Start importing Assets/Scripts/Character/CharacterController.cs using Guid(fc4cd809407585a4c894a4c7fbba0ed1) Importer(815301076,1909f56bfc062723c751e8b465ee728b)  -> (artifact id: 'c3d59f5aba101ca1ee63032f64213761') in 0.010739 seconds 
========================================================================
Received Import Request.
  Time since last request: 9.570836 seconds.
  path: Assets/Scripts/Manager/GameManager.cs
  artifactKey: Guid(3adf181c5cb427048b8c1cff18e0a1f0) Importer(815301076,1909f56bfc062723c751e8b465ee728b)
Start importing Assets/Scripts/Manager/GameManager.cs using Guid(3adf181c5cb427048b8c1cff18e0a1f0) Importer(815301076,1909f56bfc062723c751e8b465ee728b)  -> (artifact id: 'af8d04975ea19a3f10361465b919912a') in 0.011324 seconds 
========================================================================
Received Import Request.
  Time since last request: 10.115539 seconds.
  path: Assets/Scripts/Weapons/WeaponManager.cs
  artifactKey: Guid(44542347589cfe44bbb3ab4fef90f8c9) Importer(815301076,1909f56bfc062723c751e8b465ee728b)
Start importing Assets/Scripts/Weapons/WeaponManager.cs using Guid(44542347589cfe44bbb3ab4fef90f8c9) Importer(815301076,1909f56bfc062723c751e8b465ee728b)  -> (artifact id: '247d1730a27794029775d4aa8bb78c52') in 0.007886 seconds 
========================================================================
Received Import Request.
  Time since last request: 1.146859 seconds.
  path: Assets/Scripts/Weapons/HammerBullet.cs
  artifactKey: Guid(eed23566621954a4d813c3f72d2f8e6e) Importer(815301076,1909f56bfc062723c751e8b465ee728b)
Start importing Assets/Scripts/Weapons/HammerBullet.cs using Guid(eed23566621954a4d813c3f72d2f8e6e) Importer(815301076,1909f56bfc062723c751e8b465ee728b)  -> (artifact id: '551b5b643a3f8f4ba9fc092d6a904d35') in 0.008285 seconds 
========================================================================
Received Import Request.
  Time since last request: 0.483252 seconds.
  path: Assets/Scripts/Weapons/KnifeBullet.cs
  artifactKey: Guid(d83f8aeed99c1bc45a87425ee27a10fb) Importer(815301076,1909f56bfc062723c751e8b465ee728b)
Start importing Assets/Scripts/Weapons/KnifeBullet.cs using Guid(d83f8aeed99c1bc45a87425ee27a10fb) Importer(815301076,1909f56bfc062723c751e8b465ee728b)  -> (artifact id: '03aaae2adb235cbed7aae0ecde41e0b7') in 0.008139 seconds 
========================================================================
Received Prepare
Registering precompiled user dll's ...
Registered in 0.005309 seconds.
Begin MonoManager ReloadAssembly
Symbol file LoadedFromMemory doesn't match image E:\Hoc\Git\AI-Scripts\AI Scripts\Library\PackageCache\com.unity.visualscripting@1.8.0\Editor\VisualScripting.Core\Dependencies\YamlDotNet\Unity.VisualScripting.YamlDotNet.dll
Symbol file LoadedFromMemory doesn't match image E:\Hoc\Git\AI-Scripts\AI Scripts\Library\PackageCache\com.unity.visualscripting@1.8.0\Editor\VisualScripting.Core\Dependencies\DotNetZip\Unity.VisualScripting.IonicZip.dll
Native extension for WindowsStandalone target not found
Refreshing native plugins compatible for Editor in 0.57 ms, found 3 plugins.
Preloading 0 native plugins for Editor in 0.00 ms.
Mono: successfully reloaded assembly
- Completed reload, in  0.959 seconds
Domain Reload Profiling:
	ReloadAssembly (960ms)
		BeginReloadAssembly (149ms)
			ExecutionOrderSort (0ms)
			DisableScriptedObjects (7ms)
			BackupInstance (0ms)
			ReleaseScriptingObjects (0ms)
			CreateAndSetChildDomain (39ms)
		EndReloadAssembly (723ms)
			LoadAssemblies (98ms)
			RebuildTransferFunctionScriptingTraits (0ms)
			SetupTypeCache (249ms)
			ReleaseScriptCaches (1ms)
			RebuildScriptCaches (41ms)
			SetupLoadedEditorAssemblies (302ms)
				LogAssemblyErrors (0ms)
				InitializePlatformSupportModulesInManaged (5ms)
				SetLoadedEditorAssemblies (1ms)
				RefreshPlugins (1ms)
				BeforeProcessingInitializeOnLoad (55ms)
				ProcessInitializeOnLoadAttributes (215ms)
				ProcessInitializeOnLoadMethodAttributes (23ms)
				AfterProcessingInitializeOnLoad (3ms)
				EditorAssembliesLoaded (0ms)
			ExecutionOrderSort2 (0ms)
			AwakeInstancesAfterBackupRestoration (8ms)
Platform modules already initialized, skipping
Refreshing native plugins compatible for Editor in 1.63 ms, found 3 plugins.
Preloading 0 native plugins for Editor in 0.00 ms.
Unloading 3044 Unused Serialized files (Serialized files now loaded: 0)
Unloading 27 unused Assets / (24.6 KB). Loaded Objects now: 3517.
Memory consumption went from 107.7 MB to 107.6 MB.
Total: 2.815600 ms (FindLiveObjects: 0.237000 ms CreateObjectMapping: 0.152800 ms MarkObjects: 2.395700 ms  DeleteObjects: 0.029200 ms)

AssetImportParameters requested are different than current active one (requested -> active):
  custom:video-decoder-ogg-theora: a1e56fd34408186e4bbccfd4996cb3dc -> 
  custom:container-muxer-webm: aa71ff27fc2769a1b78a27578f13a17b -> 
  custom:container-demuxer-webm: 4f35f7cbe854078d1ac9338744f61a02 -> 
  custom:video-encoder-webm-vp8: eb34c28f22e8b96e1ab97ce403110664 -> 
  custom:audio-encoder-webm-vorbis: bf7c407c2cedff20999df2af8eb42d56 -> 
  custom:framework-win-MediaFoundation: 216162199b28c13a410421893ffa2e32 -> 
  custom:container-demuxer-ogg: 62fdf1f143b41e24485cea50d1cbac27 -> 
  custom:video-decoder-webm-vp8: 9c59270c3fd7afecdb556c50c9e8de78 -> 
  custom:audio-decoder-ogg-vorbis: bf7c407c2cedff20999df2af8eb42d56 -> 
========================================================================
Received Import Request.
  Time since last request: 167.015098 seconds.
  path: Assets/Assets/Candy
  artifactKey: Guid(c3be38c23c81e7546b9373a37d4988c2) Importer(815301076,1909f56bfc062723c751e8b465ee728b)
Start importing Assets/Assets/Candy using Guid(c3be38c23c81e7546b9373a37d4988c2) Importer(815301076,1909f56bfc062723c751e8b465ee728b)  -> (artifact id: '4ac697e295ba3c67904448f9ddb70822') in 0.007002 seconds 
========================================================================
Received Import Request.
  Time since last request: 46.455107 seconds.
  path: Assets/Scenes/SampleScene.unity
  artifactKey: Guid(9fc0d4010bbf28b4594072e72b8655ab) Importer(815301076,1909f56bfc062723c751e8b465ee728b)
Start importing Assets/Scenes/SampleScene.unity using Guid(9fc0d4010bbf28b4594072e72b8655ab) Importer(815301076,1909f56bfc062723c751e8b465ee728b)  -> (artifact id: '8bc9ec13665c4e3bea5f3e06376b755e') in 0.002137 seconds 
========================================================================
Received Import Request.
  Time since last request: 15.999632 seconds.
  path: Assets/Scenes/Main GamePlay.unity
  artifactKey: Guid(9fc0d4010bbf28b4594072e72b8655ab) Importer(815301076,1909f56bfc062723c751e8b465ee728b)
Start importing Assets/Scenes/Main GamePlay.unity using Guid(9fc0d4010bbf28b4594072e72b8655ab) Importer(815301076,1909f56bfc062723c751e8b465ee728b)  -> (artifact id: 'd866e46e4bc6415d076760413b6a1794') in 0.007877 seconds 
========================================================================
Received Import Request.
  Time since last request: 4.225275 seconds.
  path: Assets/Scenes/MainGamePlay.unity
  artifactKey: Guid(9fc0d4010bbf28b4594072e72b8655ab) Importer(815301076,1909f56bfc062723c751e8b465ee728b)
Start importing Assets/Scenes/MainGamePlay.unity using Guid(9fc0d4010bbf28b4594072e72b8655ab) Importer(815301076,1909f56bfc062723c751e8b465ee728b)  -> (artifact id: 'e7f76b775873215438e12fc9938b1918') in 0.009921 seconds 
========================================================================
Received Import Request.
  Time since last request: 125.830977 seconds.
  path: Assets/Assets/Christmas-Assets-FREE/FBX/7-Tip-Star.fbx
  artifactKey: Guid(f5a6c0d0e36d06d43ae038aa06fc0c22) Importer(815301076,1909f56bfc062723c751e8b465ee728b)
Start importing Assets/Assets/Christmas-Assets-FREE/FBX/7-Tip-Star.fbx using Guid(f5a6c0d0e36d06d43ae038aa06fc0c22) Importer(815301076,1909f56bfc062723c751e8b465ee728b)  -> (artifact id: '38547bb13e88d817ef2a1bc5fcec1e4b') in 0.336315 seconds 
========================================================================
Received Import Request.
  Time since last request: 0.000031 seconds.
  path: Assets/Assets/Christmas-Assets-FREE/FBX/Snowflake.fbx
  artifactKey: Guid(6f6065c42255df54aa6c774a833d34c5) Importer(815301076,1909f56bfc062723c751e8b465ee728b)
Start importing Assets/Assets/Christmas-Assets-FREE/FBX/Snowflake.fbx using Guid(6f6065c42255df54aa6c774a833d34c5) Importer(815301076,1909f56bfc062723c751e8b465ee728b)  -> (artifact id: 'dc64163cdb81fcd4e3963d263b4b6850') in 0.073457 seconds 
========================================================================
Received Import Request.
  Time since last request: 0.000025 seconds.
  path: Assets/Assets/Christmas-Assets-FREE/FBX/Present-01.fbx
  artifactKey: Guid(bd2206f6f74c8a042b70ba88fc13f4c1) Importer(815301076,1909f56bfc062723c751e8b465ee728b)
Start importing Assets/Assets/Christmas-Assets-FREE/FBX/Present-01.fbx using Guid(bd2206f6f74c8a042b70ba88fc13f4c1) Importer(815301076,1909f56bfc062723c751e8b465ee728b)  -> (artifact id: '09831c856b7bca7c772cd01e55f09883') in 0.208564 seconds 
========================================================================
Received Import Request.
  Time since last request: 0.000024 seconds.
  path: Assets/Assets/Christmas-Assets-FREE/FBX/Candy-Cane.fbx
  artifactKey: Guid(dc23d0fc17b7bc94a987406b7320ca42) Importer(815301076,1909f56bfc062723c751e8b465ee728b)
Start importing Assets/Assets/Christmas-Assets-FREE/FBX/Candy-Cane.fbx using Guid(dc23d0fc17b7bc94a987406b7320ca42) Importer(815301076,1909f56bfc062723c751e8b465ee728b)  -> (artifact id: '43424a81f2fb8b88ce4ac2522d479727') in 0.129731 seconds 
========================================================================
Received Import Request.
  Time since last request: 0.000023 seconds.
  path: Assets/Assets/Christmas-Assets-FREE/FBX/Santa-Hat.fbx
  artifactKey: Guid(29a61db7c97c33c4092a325c8243afe4) Importer(815301076,1909f56bfc062723c751e8b465ee728b)
Start importing Assets/Assets/Christmas-Assets-FREE/FBX/Santa-Hat.fbx using Guid(29a61db7c97c33c4092a325c8243afe4) Importer(815301076,1909f56bfc062723c751e8b465ee728b)  -> (artifact id: '3aa0cc87cf572f89875d9e5443fe4687') in 0.220979 seconds 
========================================================================
Received Import Request.
  Time since last request: 0.000048 seconds.
  path: Assets/Assets/Lolipop/__Prefabs__/3D/Weapon/candy_0.fbx
  artifactKey: Guid(77de8014aff37804f92ab58c8817cced) Importer(815301076,1909f56bfc062723c751e8b465ee728b)
Start importing Assets/Assets/Lolipop/__Prefabs__/3D/Weapon/candy_0.fbx using Guid(77de8014aff37804f92ab58c8817cced) Importer(815301076,1909f56bfc062723c751e8b465ee728b)  -> (artifact id: '80a74bce58ab684e1c3d7797fcd8129e') in 0.091817 seconds 
Editor requested this worker to shutdown with reason: Scaling down because of idle timeout
AssetImportWorker is now disconnected from the server
Process exiting
Exiting without the bug reporter. Application will terminate with return code 0